#
# A fatal error has been detected by the Java Runtime Environment:
#
#  EXCEPTION_ACCESS_VIOLATION (0xc0000005) at pc=0x6d8fe7ab, pid=8336, tid=7284
#
# JRE version: 6.0_24-b07
# Java VM: Java HotSpot(TM) Client VM (19.1-b02 mixed mode windows-x86 )
# Problematic frame:
# V  [jvm.dll+0x10e7ab]
#
# If you would like to submit a bug report, please visit:
#   http://java.sun.com/webapps/bugreport/crash.jsp
#

---------------  T H R E A D  ---------------

Current thread (0x023ab400):  JavaThread "JDWP Transport Listener: dt_socket" daemon [_thread_in_vm, id=7284, stack(0x18ac0000,0x18b10000)]

siginfo: ExceptionCode=0xc0000005, reading address 0x00003b00

Registers:
EAX=0x00003b00, EBX=0x00000000, ECX=0x000071ee, EDX=0x00000000
ESP=0x18b0fa14, EBP=0x18b0fa18, ESI=0x023ab400, EDI=0x022f1500
EIP=0x6d8fe7ab, EFLAGS=0x00010206

Register to memory mapping:

EAX=0x00003b00
0x00003b00 is pointing to unknown location

EBX=0x00000000
0x00000000 is pointing to unknown location

ECX=0x000071ee
0x000071ee is pointing to unknown location

EDX=0x00000000
0x00000000 is pointing to unknown location

ESP=0x18b0fa14
0x18b0fa14 is pointing into the stack for thread: 0x023ab400
"JDWP Transport Listener: dt_socket" daemon prio=6 tid=0x023ab400 nid=0x1c74 runnable [0x00000000]
   java.lang.Thread.State: RUNNABLE

EBP=0x18b0fa18
0x18b0fa18 is pointing into the stack for thread: 0x023ab400
"JDWP Transport Listener: dt_socket" daemon prio=6 tid=0x023ab400 nid=0x1c74 runnable [0x00000000]
   java.lang.Thread.State: RUNNABLE

ESI=0x023ab400
"JDWP Transport Listener: dt_socket" daemon prio=6 tid=0x023ab400 nid=0x1c74 runnable [0x00000000]
   java.lang.Thread.State: RUNNABLE

EDI=0x022f1500
0x022f1500 is pointing to unknown location


Top of Stack: (sp=0x18b0fa14)
0x18b0fa14:   023ab400 18b0fa40 6d923412 00003b00
0x18b0fa24:   18b0fac4 18b0fa7b 023ab400 00000000
0x18b0fa34:   00000000 00000000 023ab400 18b0fa7c
0x18b0fa44:   6d38976e 022f1500 00003b00 18b0fa7b
0x18b0fa54:   00003b00 6d3742c9 00003b00 18b0fa7b
0x18b0fa64:   00000005 00000000 00000000 00000009
0x18b0fa74:   00000000 00b0fa9c 18b0fa9c 6d374434
0x18b0fa84:   00000001 18b0fab8 18b0fc54 6d392b02 

Instructions: (pc=0x6d8fe7ab)
0x6d8fe79b:   cc cc cc cc cc 55 8b ec 8b 45 08 85 c0 56 74 25
0x6d8fe7ab:   8b 30 85 f6 74 1f 81 fe fe fe fe fe 74 17 8b 46 


Stack: [0x18ac0000,0x18b10000],  sp=0x18b0fa14,  free space=318k
Native frames: (J=compiled Java code, j=interpreted, Vv=VM code, C=native code)
V  [jvm.dll+0x10e7ab]
V  [jvm.dll+0x133412]
C  [jdwp.dll+0x1976e]
C  [jdwp.dll+0x4434]
C  [jdwp.dll+0x4472]
C  [jdwp.dll+0x17d53]
V  [jvm.dll+0x18317c]
C  [msvcr71.dll+0x9565]
C  [kernel32.dll+0x1338a]
C  [ntdll.dll+0x39f72]
C  [ntdll.dll+0x39f45]


---------------  P R O C E S S  ---------------

Java Threads: ( => current thread )
  0x023d0000 JavaThread "Low Memory Detector" daemon [_thread_blocked, id=8292, stack(0x18e20000,0x18e70000)]
  0x023c3800 JavaThread "CompilerThread0" daemon [_thread_blocked, id=3916, stack(0x18d90000,0x18de0000)]
  0x023af000 JavaThread "JDWP Command Reader" daemon [_thread_in_native, id=4956, stack(0x18d00000,0x18d50000)]
  0x023ae000 JavaThread "JDWP Event Helper Thread" daemon [_thread_blocked, id=3412, stack(0x18c70000,0x18cc0000)]
=>0x023ab400 JavaThread "JDWP Transport Listener: dt_socket" daemon [_thread_in_vm, id=7284, stack(0x18ac0000,0x18b10000)]
  0x023a1000 JavaThread "Attach Listener" daemon [_thread_blocked, id=8388, stack(0x187f0000,0x18840000)]
  0x0239e000 JavaThread "Signal Dispatcher" daemon [_thread_blocked, id=8804, stack(0x18760000,0x187b0000)]
  0x02371400 JavaThread "Finalizer" daemon [_thread_blocked, id=8424, stack(0x186d0000,0x18720000)]
  0x0236cc00 JavaThread "Reference Handler" daemon [_thread_blocked, id=8728, stack(0x18640000,0x18690000)]
  0x01c6ac00 JavaThread "main" [_thread_blocked, id=7412, stack(0x003b0000,0x00400000)]

Other Threads:
  0x02367800 VMThread [stack: 0x185b0000,0x18600000] [id=7532]
  0x023d9c00 WatcherThread [stack: 0x190b0000,0x19100000] [id=9200]

VM state:not at safepoint (normal execution)

VM Mutex/Monitor currently owned by a thread: None

Heap
 def new generation   total 4928K, used 546K [0x04460000, 0x049b0000, 0x099b0000)
  eden space 4416K,  12% used [0x04460000, 0x044e8a08, 0x048b0000)
  from space 512K,   0% used [0x048b0000, 0x048b0000, 0x04930000)
  to   space 512K,   0% used [0x04930000, 0x04930000, 0x049b0000)
 tenured generation   total 10944K, used 0K [0x099b0000, 0x0a460000, 0x14460000)
   the space 10944K,   0% used [0x099b0000, 0x099b0000, 0x099b0200, 0x0a460000)
 compacting perm gen  total 12288K, used 2008K [0x14460000, 0x15060000, 0x18460000)
   the space 12288K,  16% used [0x14460000, 0x146562e0, 0x14656400, 0x15060000)
No shared spaces configured.

Dynamic libraries:
0x00400000 - 0x00424000 	C:\Program Files (x86)\Java\jre6\bin\javaw.exe
0x77b30000 - 0x77cb0000 	C:\Windows\SysWOW64\ntdll.dll
0x75b40000 - 0x75c50000 	C:\Windows\syswow64\kernel32.dll
0x75c70000 - 0x75cb7000 	C:\Windows\syswow64\KERNELBASE.dll
0x773a0000 - 0x77440000 	C:\Windows\syswow64\ADVAPI32.dll
0x75cc0000 - 0x75d6c000 	C:\Windows\syswow64\msvcrt.dll
0x75d80000 - 0x75d99000 	C:\Windows\SysWOW64\sechost.dll
0x764f0000 - 0x765e0000 	C:\Windows\syswow64\RPCRT4.dll
0x75520000 - 0x75580000 	C:\Windows\syswow64\SspiCli.dll
0x75510000 - 0x7551c000 	C:\Windows\syswow64\CRYPTBASE.dll
0x760c0000 - 0x761c0000 	C:\Windows\syswow64\USER32.dll
0x75a00000 - 0x75a90000 	C:\Windows\syswow64\GDI32.dll
0x75960000 - 0x7596a000 	C:\Windows\syswow64\LPK.dll
0x77690000 - 0x7772d000 	C:\Windows\syswow64\USP10.dll
0x75590000 - 0x755f0000 	C:\Windows\system32\IMM32.DLL
0x75fe0000 - 0x760ac000 	C:\Windows\syswow64\MSCTF.dll
0x7c340000 - 0x7c396000 	C:\Program Files (x86)\Java\jre6\bin\msvcr71.dll
0x6d7f0000 - 0x6da96000 	C:\Program Files (x86)\Java\jre6\bin\client\jvm.dll
0x74ee0000 - 0x74f12000 	C:\Windows\system32\WINMM.dll
0x73260000 - 0x732ac000 	C:\Windows\system32\apphelp.dll
0x6d7a0000 - 0x6d7ac000 	C:\Program Files (x86)\Java\jre6\bin\verify.dll
0x6d320000 - 0x6d33f000 	C:\Program Files (x86)\Java\jre6\bin\java.dll
0x6d280000 - 0x6d288000 	C:\Program Files (x86)\Java\jre6\bin\hpi.dll
0x75fd0000 - 0x75fd5000 	C:\Windows\syswow64\PSAPI.DLL
0x6d370000 - 0x6d399000 	C:\Program Files (x86)\Java\jre6\bin\jdwp.dll
0x6d690000 - 0x6d696000 	C:\Program Files (x86)\Java\jre6\bin\npt.dll
0x6d7e0000 - 0x6d7ef000 	C:\Program Files (x86)\Java\jre6\bin\zip.dll
0x6d200000 - 0x6d207000 	C:\Program Files (x86)\Java\jre6\bin\dt_socket.dll
0x766b0000 - 0x766e5000 	C:\Windows\syswow64\WS2_32.dll
0x75580000 - 0x75586000 	C:\Windows\syswow64\NSI.dll
0x73790000 - 0x737a0000 	C:\Windows\system32\NLAapi.dll
0x73780000 - 0x73790000 	C:\Windows\system32\napinsp.dll
0x73760000 - 0x73772000 	C:\Windows\system32\pnrpnsp.dll
0x73750000 - 0x7375d000 	C:\Windows\system32\wshbth.dll
0x75360000 - 0x7539c000 	C:\Windows\System32\mswsock.dll
0x73700000 - 0x73744000 	C:\Windows\system32\DNSAPI.dll
0x736f0000 - 0x736f8000 	C:\Windows\System32\winrnr.dll
0x73670000 - 0x7368c000 	C:\Windows\system32\IPHLPAPI.DLL
0x73660000 - 0x73667000 	C:\Windows\system32\WINNSI.DLL
0x732b0000 - 0x732e8000 	C:\Windows\System32\fwpuclnt.dll
0x73620000 - 0x73626000 	C:\Windows\system32\rasadhlp.dll
0x75350000 - 0x75355000 	C:\Windows\System32\wshtcpip.dll

VM Arguments:
jvm_args: -agentlib:jdwp=transport=dt_socket,suspend=y,address=localhost:61029 -Dfile.encoding=Cp1252 
java_command: com.cbuddy.util.NumberFormatterUtil
Launcher Type: SUN_STANDARD

Environment Variables:
JAVA_HOME=C:\Program Files\Java\jdk1.7.0_51
PATH=C:/Program Files (x86)/Java/jre6/bin/client;C:/Program Files (x86)/Java/jre6/bin;C:/Program Files (x86)/Java/jre6/lib/i386;C:\Windows\system32;C:\Windows;C:\Windows\System32\Wbem;C:\Windows\System32\WindowsPowerShell\v1.0\;C:\Program Files (x86)\EgisTec\MyWinLocker 3\x86;C:\Program Files (x86)\EgisTec\MyWinLocker 3\x64;C:\Program Files\WIDCOMM\Bluetooth Software\;C:\Program Files\WIDCOMM\Bluetooth Software\syswow64;C:\Program Files (x86)\MySQL\MySQL Server 5.0\bin;C:\Program Files\TortoiseGit\bin;C:\Program Files\Java\jdk1.7.0_51\bin;C:\Shiva\Installables\eclipse-jee-juno-SR1-win32\eclipse;
USERNAME=user
OS=Windows_NT
PROCESSOR_IDENTIFIER=Intel64 Family 6 Model 23 Stepping 10, GenuineIntel



---------------  S Y S T E M  ---------------

OS: Windows 7 Build 7601 Service Pack 1

CPU:total 2 (2 cores per cpu, 1 threads per core) family 6 model 23 stepping 10, cmov, cx8, fxsr, mmx, sse, sse2, sse3, ssse3, sse4.1

Memory: 4k page, physical 3074024k(953016k free), swap 6146184k(1462052k free)

vm_info: Java HotSpot(TM) Client VM (19.1-b02) for windows-x86 JRE (1.6.0_24-b07), built on Feb  2 2011 17:44:41 by "java_re" with MS VC++ 7.1 (VS2003)

time: Sat Sep 20 13:54:53 2014
elapsed time: 166 seconds

